c:\users\long\desktop\gltrain\gl\programming_lesson_06\freetype\objs\vc2010\x64\debug multithreaded\ftbase.obj
c:\users\long\desktop\gltrain\gl\programming_lesson_06\freetype\objs\vc2010\x64\debug multithreaded\ftgasp.obj
c:\users\long\desktop\gltrain\gl\programming_lesson_06\freetype\objs\vc2010\x64\debug multithreaded\ftgzip.obj
c:\users\long\desktop\gltrain\gl\programming_lesson_06\freetype\objs\vc2010\x64\debug multithreaded\ftmm.obj
c:\users\long\desktop\gltrain\gl\programming_lesson_06\freetype\objs\vc2010\x64\debug multithreaded\ftwinfnt.obj
c:\users\long\desktop\gltrain\gl\programming_lesson_06\freetype\objs\vc2010\x64\debug multithreaded\ftotval.obj
c:\users\long\desktop\gltrain\gl\programming_lesson_06\freetype\objs\vc2010\x64\debug multithreaded\psaux.obj
c:\users\long\desktop\gltrain\gl\programming_lesson_06\freetype\objs\vc2010\x64\debug multithreaded\truetype.obj
c:\users\long\desktop\gltrain\gl\programming_lesson_06\freetype\objs\vc2010\x64\debug multithreaded\autofit.obj
c:\users\long\desktop\gltrain\gl\programming_lesson_06\freetype\objs\vc2010\x64\debug multithreaded\ftfstype.obj
c:\users\long\desktop\gltrain\gl\programming_lesson_06\freetype\objs\vc2010\x64\debug multithreaded\ftglyph.obj
c:\users\long\desktop\gltrain\gl\programming_lesson_06\freetype\objs\vc2010\x64\debug multithreaded\ftstroke.obj
c:\users\long\desktop\gltrain\gl\programming_lesson_06\freetype\objs\vc2010\x64\debug multithreaded\ftbbox.obj
c:\users\long\desktop\gltrain\gl\programming_lesson_06\freetype\objs\vc2010\x64\debug multithreaded\ftsynth.obj
c:\users\long\desktop\gltrain\gl\programming_lesson_06\freetype\objs\vc2010\x64\debug multithreaded\ftlcdfil.obj
c:\users\long\desktop\gltrain\gl\programming_lesson_06\freetype\objs\vc2010\x64\debug multithreaded\pcf.obj
c:\users\long\desktop\gltrain\gl\programming_lesson_06\freetype\objs\vc2010\x64\debug multithreaded\psmodule.obj
c:\users\long\desktop\gltrain\gl\programming_lesson_06\freetype\objs\vc2010\x64\debug multithreaded\type1.obj
c:\users\long\desktop\gltrain\gl\programming_lesson_06\freetype\objs\vc2010\x64\debug multithreaded\bdf.obj
c:\users\long\desktop\gltrain\gl\programming_lesson_06\freetype\objs\vc2010\x64\debug multithreaded\ftbitmap.obj
c:\users\long\desktop\gltrain\gl\programming_lesson_06\freetype\objs\vc2010\x64\debug multithreaded\ftcache.obj
c:\users\long\desktop\gltrain\gl\programming_lesson_06\freetype\objs\vc2010\x64\debug multithreaded\ftlzw.obj
c:\users\long\desktop\gltrain\gl\programming_lesson_06\freetype\objs\vc2010\x64\debug multithreaded\smooth.obj
c:\users\long\desktop\gltrain\gl\programming_lesson_06\freetype\objs\vc2010\x64\debug multithreaded\fttype1.obj
c:\users\long\desktop\gltrain\gl\programming_lesson_06\freetype\objs\vc2010\x64\debug multithreaded\ftgxval.obj
c:\users\long\desktop\gltrain\gl\programming_lesson_06\freetype\objs\vc2010\x64\debug multithreaded\pfr.obj
c:\users\long\desktop\gltrain\gl\programming_lesson_06\freetype\objs\vc2010\x64\debug multithreaded\raster.obj
c:\users\long\desktop\gltrain\gl\programming_lesson_06\freetype\objs\vc2010\x64\debug multithreaded\type1cid.obj
c:\users\long\desktop\gltrain\gl\programming_lesson_06\freetype\objs\vc2010\x64\debug multithreaded\winfnt.obj
c:\users\long\desktop\gltrain\gl\programming_lesson_06\freetype\objs\vc2010\x64\debug multithreaded\cff.obj
c:\users\long\desktop\gltrain\gl\programming_lesson_06\freetype\objs\vc2010\x64\debug multithreaded\ftinit.obj
c:\users\long\desktop\gltrain\gl\programming_lesson_06\freetype\objs\vc2010\x64\debug multithreaded\ftsystem.obj
c:\users\long\desktop\gltrain\gl\programming_lesson_06\freetype\objs\vc2010\x64\debug multithreaded\ftpfr.obj
c:\users\long\desktop\gltrain\gl\programming_lesson_06\freetype\objs\vc2010\x64\debug multithreaded\ftxf86.obj
c:\users\long\desktop\gltrain\gl\programming_lesson_06\freetype\objs\vc2010\x64\debug multithreaded\ftpatent.obj
c:\users\long\desktop\gltrain\gl\programming_lesson_06\freetype\objs\vc2010\x64\debug multithreaded\pshinter.obj
c:\users\long\desktop\gltrain\gl\programming_lesson_06\freetype\objs\vc2010\x64\debug multithreaded\sfnt.obj
c:\users\long\desktop\gltrain\gl\programming_lesson_06\freetype\objs\vc2010\x64\debug multithreaded\type42.obj
c:\users\long\desktop\gltrain\gl\programming_lesson_06\freetype\objs\vc2010\x64\freetype254mtd.pdb
c:\users\long\desktop\gltrain\gl\programming_lesson_06\freetype\objs\vc2010\x64\debug multithreaded\ftdebug.obj
c:\users\long\desktop\gltrain\gl\programming_lesson_06\freetype\objs\vc2010\x64\freetype254mtd.lib
c:\users\long\desktop\gltrain\gl\programming_lesson_06\freetype\builds\windows\vc2019\.\..\..\..\objs\vc2010\x64\freetype254mtd.lib
c:\users\long\desktop\gltrain\gl\programming_lesson_06\freetype\objs\vc2010\x64\debug multithreaded\freetype.tlog\cl.command.1.tlog
c:\users\long\desktop\gltrain\gl\programming_lesson_06\freetype\objs\vc2010\x64\debug multithreaded\freetype.tlog\cl.read.1.tlog
c:\users\long\desktop\gltrain\gl\programming_lesson_06\freetype\objs\vc2010\x64\debug multithreaded\freetype.tlog\cl.write.1.tlog
c:\users\long\desktop\gltrain\gl\programming_lesson_06\freetype\objs\vc2010\x64\debug multithreaded\freetype.tlog\lib-link.read.1.tlog
c:\users\long\desktop\gltrain\gl\programming_lesson_06\freetype\objs\vc2010\x64\debug multithreaded\freetype.tlog\lib-link.write.1.tlog
c:\users\long\desktop\gltrain\gl\programming_lesson_06\freetype\objs\vc2010\x64\debug multithreaded\freetype.tlog\lib.command.1.tlog
